initial accuracy: 84.44%
apgd-ce - 1/17 - 177 out of 500 successfully perturbed
apgd-ce - 2/17 - 171 out of 500 successfully perturbed
apgd-ce - 3/17 - 174 out of 500 successfully perturbed
apgd-ce - 4/17 - 169 out of 500 successfully perturbed
apgd-ce - 5/17 - 187 out of 500 successfully perturbed
apgd-ce - 6/17 - 179 out of 500 successfully perturbed
apgd-ce - 7/17 - 178 out of 500 successfully perturbed
apgd-ce - 8/17 - 158 out of 500 successfully perturbed
apgd-ce - 9/17 - 175 out of 500 successfully perturbed
apgd-ce - 10/17 - 179 out of 500 successfully perturbed
apgd-ce - 11/17 - 190 out of 500 successfully perturbed
apgd-ce - 12/17 - 171 out of 500 successfully perturbed
apgd-ce - 13/17 - 197 out of 500 successfully perturbed
apgd-ce - 14/17 - 174 out of 500 successfully perturbed
apgd-ce - 15/17 - 181 out of 500 successfully perturbed
apgd-ce - 16/17 - 178 out of 500 successfully perturbed
apgd-ce - 17/17 - 156 out of 444 successfully perturbed
robust accuracy after APGD-CE: 54.50% (total time 1647.5 s)
apgd-t - 1/11 - 26 out of 500 successfully perturbed
apgd-t - 2/11 - 20 out of 500 successfully perturbed
apgd-t - 3/11 - 17 out of 500 successfully perturbed
apgd-t - 4/11 - 13 out of 500 successfully perturbed
apgd-t - 5/11 - 18 out of 500 successfully perturbed
apgd-t - 6/11 - 29 out of 500 successfully perturbed
apgd-t - 7/11 - 23 out of 500 successfully perturbed
apgd-t - 8/11 - 24 out of 500 successfully perturbed
apgd-t - 9/11 - 22 out of 500 successfully perturbed
apgd-t - 10/11 - 27 out of 500 successfully perturbed
apgd-t - 11/11 - 13 out of 450 successfully perturbed
robust accuracy after APGD-T: 52.18% (total time 11036.7 s)
fab-t - 1/11 - 0 out of 500 successfully perturbed
fab-t - 2/11 - 0 out of 500 successfully perturbed
fab-t - 3/11 - 1 out of 500 successfully perturbed
fab-t - 4/11 - 0 out of 500 successfully perturbed
fab-t - 5/11 - 0 out of 500 successfully perturbed
fab-t - 6/11 - 0 out of 500 successfully perturbed
fab-t - 7/11 - 0 out of 500 successfully perturbed
fab-t - 8/11 - 0 out of 500 successfully perturbed
fab-t - 9/11 - 0 out of 500 successfully perturbed
fab-t - 10/11 - 0 out of 500 successfully perturbed
fab-t - 11/11 - 0 out of 218 successfully perturbed
robust accuracy after FAB-T: 52.17% (total time 24319.8 s)
square - 1/11 - 0 out of 500 successfully perturbed
square - 2/11 - 0 out of 500 successfully perturbed
square - 3/11 - 0 out of 500 successfully perturbed
square - 4/11 - 0 out of 500 successfully perturbed
square - 5/11 - 0 out of 500 successfully perturbed
square - 6/11 - 0 out of 500 successfully perturbed
square - 7/11 - 0 out of 500 successfully perturbed
square - 8/11 - 0 out of 500 successfully perturbed
square - 9/11 - 0 out of 500 successfully perturbed
square - 10/11 - 0 out of 500 successfully perturbed
square - 11/11 - 0 out of 217 successfully perturbed
robust accuracy after SQUARE: 52.17% (total time 43039.6 s)
max Linf perturbation: 0.03100, nan in tensor: 0, max: 1.00000, min: 0.00000
robust accuracy: 52.17%
