initial accuracy: 84.36%
apgd-ce - 1/17 - 177 out of 500 successfully perturbed
apgd-ce - 2/17 - 159 out of 500 successfully perturbed
apgd-ce - 3/17 - 173 out of 500 successfully perturbed
apgd-ce - 4/17 - 165 out of 500 successfully perturbed
apgd-ce - 5/17 - 189 out of 500 successfully perturbed
apgd-ce - 6/17 - 161 out of 500 successfully perturbed
apgd-ce - 7/17 - 184 out of 500 successfully perturbed
apgd-ce - 8/17 - 161 out of 500 successfully perturbed
apgd-ce - 9/17 - 185 out of 500 successfully perturbed
apgd-ce - 10/17 - 184 out of 500 successfully perturbed
apgd-ce - 11/17 - 180 out of 500 successfully perturbed
apgd-ce - 12/17 - 171 out of 500 successfully perturbed
apgd-ce - 13/17 - 184 out of 500 successfully perturbed
apgd-ce - 14/17 - 180 out of 500 successfully perturbed
apgd-ce - 15/17 - 191 out of 500 successfully perturbed
apgd-ce - 16/17 - 180 out of 500 successfully perturbed
apgd-ce - 17/17 - 151 out of 436 successfully perturbed
robust accuracy after APGD-CE: 54.61% (total time 914.5 s)
apgd-t - 1/11 - 27 out of 500 successfully perturbed
apgd-t - 2/11 - 19 out of 500 successfully perturbed
apgd-t - 3/11 - 25 out of 500 successfully perturbed
apgd-t - 4/11 - 17 out of 500 successfully perturbed
apgd-t - 5/11 - 18 out of 500 successfully perturbed
apgd-t - 6/11 - 23 out of 500 successfully perturbed
apgd-t - 7/11 - 23 out of 500 successfully perturbed
apgd-t - 8/11 - 28 out of 500 successfully perturbed
apgd-t - 9/11 - 26 out of 500 successfully perturbed
apgd-t - 10/11 - 20 out of 500 successfully perturbed
apgd-t - 11/11 - 15 out of 461 successfully perturbed
robust accuracy after APGD-T: 52.20% (total time 6096.0 s)
fab-t - 1/11 - 0 out of 500 successfully perturbed
fab-t - 2/11 - 1 out of 500 successfully perturbed
fab-t - 3/11 - 0 out of 500 successfully perturbed
fab-t - 4/11 - 0 out of 500 successfully perturbed
fab-t - 5/11 - 0 out of 500 successfully perturbed
fab-t - 6/11 - 0 out of 500 successfully perturbed
fab-t - 7/11 - 0 out of 500 successfully perturbed
fab-t - 8/11 - 0 out of 500 successfully perturbed
fab-t - 9/11 - 0 out of 500 successfully perturbed
fab-t - 10/11 - 0 out of 500 successfully perturbed
fab-t - 11/11 - 0 out of 220 successfully perturbed
robust accuracy after FAB-T: 52.19% (total time 13369.8 s)
square - 1/11 - 0 out of 500 successfully perturbed
square - 2/11 - 0 out of 500 successfully perturbed
square - 3/11 - 0 out of 500 successfully perturbed
square - 4/11 - 0 out of 500 successfully perturbed
square - 5/11 - 0 out of 500 successfully perturbed
square - 6/11 - 0 out of 500 successfully perturbed
square - 7/11 - 0 out of 500 successfully perturbed
square - 8/11 - 0 out of 500 successfully perturbed
square - 9/11 - 0 out of 500 successfully perturbed
square - 10/11 - 0 out of 500 successfully perturbed
square - 11/11 - 0 out of 219 successfully perturbed
robust accuracy after SQUARE: 52.19% (total time 23718.3 s)
max Linf perturbation: 0.03100, nan in tensor: 0, max: 1.00000, min: 0.00000
robust accuracy: 52.19%
