initial accuracy: 86.51%
apgd-ce - 1/18 - 154 out of 500 successfully perturbed
apgd-ce - 2/18 - 117 out of 500 successfully perturbed
apgd-ce - 3/18 - 126 out of 500 successfully perturbed
apgd-ce - 4/18 - 128 out of 500 successfully perturbed
apgd-ce - 5/18 - 143 out of 500 successfully perturbed
apgd-ce - 6/18 - 118 out of 500 successfully perturbed
apgd-ce - 7/18 - 142 out of 500 successfully perturbed
apgd-ce - 8/18 - 127 out of 500 successfully perturbed
apgd-ce - 9/18 - 129 out of 500 successfully perturbed
apgd-ce - 10/18 - 144 out of 500 successfully perturbed
apgd-ce - 11/18 - 136 out of 500 successfully perturbed
apgd-ce - 12/18 - 138 out of 500 successfully perturbed
apgd-ce - 13/18 - 147 out of 500 successfully perturbed
apgd-ce - 14/18 - 126 out of 500 successfully perturbed
apgd-ce - 15/18 - 147 out of 500 successfully perturbed
apgd-ce - 16/18 - 135 out of 500 successfully perturbed
apgd-ce - 17/18 - 147 out of 500 successfully perturbed
apgd-ce - 18/18 - 45 out of 151 successfully perturbed
robust accuracy after APGD-CE: 63.02% (total time 2120.8 s)
apgd-t - 1/13 - 25 out of 500 successfully perturbed
apgd-t - 2/13 - 27 out of 500 successfully perturbed
apgd-t - 3/13 - 30 out of 500 successfully perturbed
apgd-t - 4/13 - 22 out of 500 successfully perturbed
apgd-t - 5/13 - 17 out of 500 successfully perturbed
apgd-t - 6/13 - 22 out of 500 successfully perturbed
apgd-t - 7/13 - 13 out of 500 successfully perturbed
apgd-t - 8/13 - 24 out of 500 successfully perturbed
apgd-t - 9/13 - 19 out of 500 successfully perturbed
apgd-t - 10/13 - 20 out of 500 successfully perturbed
apgd-t - 11/13 - 22 out of 500 successfully perturbed
apgd-t - 12/13 - 24 out of 500 successfully perturbed
apgd-t - 13/13 - 9 out of 302 successfully perturbed
robust accuracy after APGD-T: 60.28% (total time 15953.9 s)
fab-t - 1/13 - 0 out of 500 successfully perturbed
fab-t - 2/13 - 0 out of 500 successfully perturbed
fab-t - 3/13 - 0 out of 500 successfully perturbed
fab-t - 4/13 - 0 out of 500 successfully perturbed
fab-t - 5/13 - 0 out of 500 successfully perturbed
fab-t - 6/13 - 0 out of 500 successfully perturbed
fab-t - 7/13 - 0 out of 500 successfully perturbed
fab-t - 8/13 - 0 out of 500 successfully perturbed
fab-t - 9/13 - 0 out of 500 successfully perturbed
fab-t - 10/13 - 0 out of 500 successfully perturbed
fab-t - 11/13 - 0 out of 500 successfully perturbed
fab-t - 12/13 - 0 out of 500 successfully perturbed
fab-t - 13/13 - 0 out of 28 successfully perturbed
robust accuracy after FAB-T: 60.28% (total time 27240.6 s)
square - 1/13 - 0 out of 500 successfully perturbed
square - 2/13 - 0 out of 500 successfully perturbed
square - 3/13 - 0 out of 500 successfully perturbed
square - 4/13 - 0 out of 500 successfully perturbed
square - 5/13 - 0 out of 500 successfully perturbed
square - 6/13 - 0 out of 500 successfully perturbed
square - 7/13 - 0 out of 500 successfully perturbed
square - 8/13 - 0 out of 500 successfully perturbed
square - 9/13 - 0 out of 500 successfully perturbed
square - 10/13 - 0 out of 500 successfully perturbed
square - 11/13 - 0 out of 500 successfully perturbed
square - 12/13 - 0 out of 500 successfully perturbed
square - 13/13 - 0 out of 28 successfully perturbed
robust accuracy after SQUARE: 60.28% (total time 56288.1 s)
max Linf perturbation: 0.03137, nan in tensor: 0, max: 1.00000, min: 0.00000
robust accuracy: 60.28%
