initial accuracy: 86.53%
apgd-ce - 1/18 - 149 out of 500 successfully perturbed
apgd-ce - 2/18 - 129 out of 500 successfully perturbed
apgd-ce - 3/18 - 128 out of 500 successfully perturbed
apgd-ce - 4/18 - 137 out of 500 successfully perturbed
apgd-ce - 5/18 - 141 out of 500 successfully perturbed
apgd-ce - 6/18 - 122 out of 500 successfully perturbed
apgd-ce - 7/18 - 136 out of 500 successfully perturbed
apgd-ce - 8/18 - 129 out of 500 successfully perturbed
apgd-ce - 9/18 - 138 out of 500 successfully perturbed
apgd-ce - 10/18 - 132 out of 500 successfully perturbed
apgd-ce - 11/18 - 136 out of 500 successfully perturbed
apgd-ce - 12/18 - 139 out of 500 successfully perturbed
apgd-ce - 13/18 - 135 out of 500 successfully perturbed
apgd-ce - 14/18 - 137 out of 500 successfully perturbed
apgd-ce - 15/18 - 149 out of 500 successfully perturbed
apgd-ce - 16/18 - 143 out of 500 successfully perturbed
apgd-ce - 17/18 - 139 out of 500 successfully perturbed
apgd-ce - 18/18 - 39 out of 153 successfully perturbed
robust accuracy after APGD-CE: 62.95% (total time 1090.6 s)
apgd-t - 1/13 - 20 out of 500 successfully perturbed
apgd-t - 2/13 - 21 out of 500 successfully perturbed
apgd-t - 3/13 - 15 out of 500 successfully perturbed
apgd-t - 4/13 - 19 out of 500 successfully perturbed
apgd-t - 5/13 - 21 out of 500 successfully perturbed
apgd-t - 6/13 - 19 out of 500 successfully perturbed
apgd-t - 7/13 - 20 out of 500 successfully perturbed
apgd-t - 8/13 - 25 out of 500 successfully perturbed
apgd-t - 9/13 - 25 out of 500 successfully perturbed
apgd-t - 10/13 - 17 out of 500 successfully perturbed
apgd-t - 11/13 - 28 out of 500 successfully perturbed
apgd-t - 12/13 - 15 out of 500 successfully perturbed
apgd-t - 13/13 - 9 out of 295 successfully perturbed
robust accuracy after APGD-T: 60.41% (total time 8064.5 s)
fab-t - 1/13 - 0 out of 500 successfully perturbed
fab-t - 2/13 - 0 out of 500 successfully perturbed
fab-t - 3/13 - 0 out of 500 successfully perturbed
fab-t - 4/13 - 0 out of 500 successfully perturbed
fab-t - 5/13 - 0 out of 500 successfully perturbed
fab-t - 6/13 - 0 out of 500 successfully perturbed
fab-t - 7/13 - 0 out of 500 successfully perturbed
fab-t - 8/13 - 0 out of 500 successfully perturbed
fab-t - 9/13 - 0 out of 500 successfully perturbed
fab-t - 10/13 - 0 out of 500 successfully perturbed
fab-t - 11/13 - 0 out of 500 successfully perturbed
fab-t - 12/13 - 0 out of 500 successfully perturbed
fab-t - 13/13 - 0 out of 41 successfully perturbed
robust accuracy after FAB-T: 60.41% (total time 18357.4 s)
square - 1/13 - 0 out of 500 successfully perturbed
square - 2/13 - 0 out of 500 successfully perturbed
square - 3/13 - 0 out of 500 successfully perturbed
square - 4/13 - 0 out of 500 successfully perturbed
square - 5/13 - 0 out of 500 successfully perturbed
square - 6/13 - 0 out of 500 successfully perturbed
square - 7/13 - 0 out of 500 successfully perturbed
square - 8/13 - 0 out of 500 successfully perturbed
square - 9/13 - 0 out of 500 successfully perturbed
square - 10/13 - 0 out of 500 successfully perturbed
square - 11/13 - 0 out of 500 successfully perturbed
square - 12/13 - 0 out of 500 successfully perturbed
square - 13/13 - 0 out of 41 successfully perturbed
robust accuracy after SQUARE: 60.41% (total time 34210.7 s)
max Linf perturbation: 0.03137, nan in tensor: 0, max: 1.00000, min: 0.00000
robust accuracy: 60.41%
