initial accuracy: 86.05%
apgd-ce - 1/18 - 251 out of 500 successfully perturbed
apgd-ce - 2/18 - 246 out of 500 successfully perturbed
apgd-ce - 3/18 - 250 out of 500 successfully perturbed
apgd-ce - 4/18 - 231 out of 500 successfully perturbed
apgd-ce - 5/18 - 244 out of 500 successfully perturbed
apgd-ce - 6/18 - 242 out of 500 successfully perturbed
apgd-ce - 7/18 - 220 out of 500 successfully perturbed
apgd-ce - 8/18 - 239 out of 500 successfully perturbed
apgd-ce - 9/18 - 250 out of 500 successfully perturbed
apgd-ce - 10/18 - 245 out of 500 successfully perturbed
apgd-ce - 11/18 - 251 out of 500 successfully perturbed
apgd-ce - 12/18 - 268 out of 500 successfully perturbed
apgd-ce - 13/18 - 252 out of 500 successfully perturbed
apgd-ce - 14/18 - 234 out of 500 successfully perturbed
apgd-ce - 15/18 - 263 out of 500 successfully perturbed
apgd-ce - 16/18 - 229 out of 500 successfully perturbed
apgd-ce - 17/18 - 242 out of 500 successfully perturbed
apgd-ce - 18/18 - 47 out of 105 successfully perturbed
robust accuracy after APGD-CE: 44.01% (total time 440.7 s)
apgd-t - 1/9 - 14 out of 500 successfully perturbed
apgd-t - 2/9 - 10 out of 500 successfully perturbed
apgd-t - 3/9 - 15 out of 500 successfully perturbed
apgd-t - 4/9 - 12 out of 500 successfully perturbed
apgd-t - 5/9 - 14 out of 500 successfully perturbed
apgd-t - 6/9 - 15 out of 500 successfully perturbed
apgd-t - 7/9 - 14 out of 500 successfully perturbed
apgd-t - 8/9 - 19 out of 500 successfully perturbed
apgd-t - 9/9 - 16 out of 401 successfully perturbed
robust accuracy after APGD-T: 42.72% (total time 2408.8 s)
fab-t - 1/9 - 0 out of 500 successfully perturbed
fab-t - 2/9 - 0 out of 500 successfully perturbed
fab-t - 3/9 - 0 out of 500 successfully perturbed
fab-t - 4/9 - 0 out of 500 successfully perturbed
fab-t - 5/9 - 0 out of 500 successfully perturbed
fab-t - 6/9 - 0 out of 500 successfully perturbed
fab-t - 7/9 - 0 out of 500 successfully perturbed
fab-t - 8/9 - 0 out of 500 successfully perturbed
fab-t - 9/9 - 0 out of 270 successfully perturbed
robust accuracy after FAB-T: 42.72% (total time 5168.5 s)
square - 1/9 - 0 out of 500 successfully perturbed
square - 2/9 - 0 out of 500 successfully perturbed
square - 3/9 - 0 out of 500 successfully perturbed
square - 4/9 - 0 out of 500 successfully perturbed
square - 5/9 - 0 out of 500 successfully perturbed
square - 6/9 - 0 out of 500 successfully perturbed
square - 7/9 - 0 out of 500 successfully perturbed
square - 8/9 - 0 out of 500 successfully perturbed
square - 9/9 - 0 out of 270 successfully perturbed
robust accuracy after SQUARE: 42.72% (total time 8889.9 s)
max Linf perturbation: 0.03137, nan in tensor: 0, max: 1.00000, min: 0.00000
robust accuracy: 42.72%