initial accuracy: 86.46%
apgd-ce - 1/18 - 240 out of 500 successfully perturbed
apgd-ce - 2/18 - 234 out of 500 successfully perturbed
apgd-ce - 3/18 - 242 out of 500 successfully perturbed
apgd-ce - 4/18 - 235 out of 500 successfully perturbed
apgd-ce - 5/18 - 252 out of 500 successfully perturbed
apgd-ce - 6/18 - 240 out of 500 successfully perturbed
apgd-ce - 7/18 - 236 out of 500 successfully perturbed
apgd-ce - 8/18 - 243 out of 500 successfully perturbed
apgd-ce - 9/18 - 250 out of 500 successfully perturbed
apgd-ce - 10/18 - 243 out of 500 successfully perturbed
apgd-ce - 11/18 - 255 out of 500 successfully perturbed
apgd-ce - 12/18 - 270 out of 500 successfully perturbed
apgd-ce - 13/18 - 246 out of 500 successfully perturbed
apgd-ce - 14/18 - 234 out of 500 successfully perturbed
apgd-ce - 15/18 - 253 out of 500 successfully perturbed
apgd-ce - 16/18 - 240 out of 500 successfully perturbed
apgd-ce - 17/18 - 248 out of 500 successfully perturbed
apgd-ce - 18/18 - 67 out of 146 successfully perturbed
robust accuracy after APGD-CE: 44.18% (total time 441.9 s)
apgd-t - 1/9 - 16 out of 500 successfully perturbed
apgd-t - 2/9 - 16 out of 500 successfully perturbed
apgd-t - 3/9 - 12 out of 500 successfully perturbed
apgd-t - 4/9 - 10 out of 500 successfully perturbed
apgd-t - 5/9 - 15 out of 500 successfully perturbed
apgd-t - 6/9 - 13 out of 500 successfully perturbed
apgd-t - 7/9 - 16 out of 500 successfully perturbed
apgd-t - 8/9 - 13 out of 500 successfully perturbed
apgd-t - 9/9 - 7 out of 418 successfully perturbed
robust accuracy after APGD-T: 43.00% (total time 2420.2 s)
fab-t - 1/9 - 0 out of 500 successfully perturbed
fab-t - 2/9 - 1 out of 500 successfully perturbed
fab-t - 3/9 - 0 out of 500 successfully perturbed
fab-t - 4/9 - 0 out of 500 successfully perturbed
fab-t - 5/9 - 0 out of 500 successfully perturbed
fab-t - 6/9 - 0 out of 500 successfully perturbed
fab-t - 7/9 - 0 out of 500 successfully perturbed
fab-t - 8/9 - 0 out of 500 successfully perturbed
fab-t - 9/9 - 0 out of 300 successfully perturbed
robust accuracy after FAB-T: 42.99% (total time 5193.1 s)
square - 1/9 - 0 out of 500 successfully perturbed
square - 2/9 - 0 out of 500 successfully perturbed
square - 3/9 - 0 out of 500 successfully perturbed
square - 4/9 - 0 out of 500 successfully perturbed
square - 5/9 - 0 out of 500 successfully perturbed
square - 6/9 - 0 out of 500 successfully perturbed
square - 7/9 - 0 out of 500 successfully perturbed
square - 8/9 - 0 out of 500 successfully perturbed
square - 9/9 - 0 out of 299 successfully perturbed
robust accuracy after SQUARE: 42.99% (total time 8932.2 s)
max Linf perturbation: 0.03137, nan in tensor: 0, max: 1.00000, min: 0.00000
robust accuracy: 42.99%
