initial accuracy: 85.73%
apgd-ce - 1/18 - 246 out of 500 successfully perturbed
apgd-ce - 2/18 - 238 out of 500 successfully perturbed
apgd-ce - 3/18 - 244 out of 500 successfully perturbed
apgd-ce - 4/18 - 228 out of 500 successfully perturbed
apgd-ce - 5/18 - 260 out of 500 successfully perturbed
apgd-ce - 6/18 - 227 out of 500 successfully perturbed
apgd-ce - 7/18 - 224 out of 500 successfully perturbed
apgd-ce - 8/18 - 233 out of 500 successfully perturbed
apgd-ce - 9/18 - 246 out of 500 successfully perturbed
apgd-ce - 10/18 - 254 out of 500 successfully perturbed
apgd-ce - 11/18 - 250 out of 500 successfully perturbed
apgd-ce - 12/18 - 256 out of 500 successfully perturbed
apgd-ce - 13/18 - 243 out of 500 successfully perturbed
apgd-ce - 14/18 - 251 out of 500 successfully perturbed
apgd-ce - 15/18 - 273 out of 500 successfully perturbed
apgd-ce - 16/18 - 223 out of 500 successfully perturbed
apgd-ce - 17/18 - 244 out of 500 successfully perturbed
apgd-ce - 18/18 - 32 out of 73 successfully perturbed
robust accuracy after APGD-CE: 44.01% (total time 576.4 s)
apgd-t - 1/9 - 16 out of 500 successfully perturbed
apgd-t - 2/9 - 17 out of 500 successfully perturbed
apgd-t - 3/9 - 10 out of 500 successfully perturbed
apgd-t - 4/9 - 13 out of 500 successfully perturbed
apgd-t - 5/9 - 8 out of 500 successfully perturbed
apgd-t - 6/9 - 15 out of 500 successfully perturbed
apgd-t - 7/9 - 9 out of 500 successfully perturbed
apgd-t - 8/9 - 18 out of 500 successfully perturbed
apgd-t - 9/9 - 11 out of 401 successfully perturbed
robust accuracy after APGD-T: 42.84% (total time 3244.6 s)
fab-t - 1/9 - 0 out of 500 successfully perturbed
fab-t - 2/9 - 0 out of 500 successfully perturbed
fab-t - 3/9 - 0 out of 500 successfully perturbed
fab-t - 4/9 - 0 out of 500 successfully perturbed
fab-t - 5/9 - 0 out of 500 successfully perturbed
fab-t - 6/9 - 0 out of 500 successfully perturbed
fab-t - 7/9 - 0 out of 500 successfully perturbed
fab-t - 8/9 - 0 out of 500 successfully perturbed
fab-t - 9/9 - 0 out of 284 successfully perturbed
robust accuracy after FAB-T: 42.84% (total time 7465.6 s)
square - 1/9 - 0 out of 500 successfully perturbed
square - 2/9 - 0 out of 500 successfully perturbed
square - 3/9 - 0 out of 500 successfully perturbed
square - 4/9 - 0 out of 500 successfully perturbed
square - 5/9 - 0 out of 500 successfully perturbed
square - 6/9 - 0 out of 500 successfully perturbed
square - 7/9 - 0 out of 500 successfully perturbed
square - 8/9 - 0 out of 500 successfully perturbed
square - 9/9 - 0 out of 284 successfully perturbed
robust accuracy after SQUARE: 42.84% (total time 14636.6 s)
max Linf perturbation: 0.03137, nan in tensor: 0, max: 1.00000, min: 0.00000
robust accuracy: 42.84%
