initial accuracy: 89.50%
apgd-ce - 1/18 - 162 out of 500 successfully perturbed
apgd-ce - 2/18 - 149 out of 500 successfully perturbed
apgd-ce - 3/18 - 154 out of 500 successfully perturbed
apgd-ce - 4/18 - 146 out of 500 successfully perturbed
apgd-ce - 5/18 - 163 out of 500 successfully perturbed
apgd-ce - 6/18 - 157 out of 500 successfully perturbed
apgd-ce - 7/18 - 153 out of 500 successfully perturbed
apgd-ce - 8/18 - 147 out of 500 successfully perturbed
apgd-ce - 9/18 - 156 out of 500 successfully perturbed
apgd-ce - 10/18 - 168 out of 500 successfully perturbed
apgd-ce - 11/18 - 151 out of 500 successfully perturbed
apgd-ce - 12/18 - 151 out of 500 successfully perturbed
apgd-ce - 13/18 - 168 out of 500 successfully perturbed
apgd-ce - 14/18 - 172 out of 500 successfully perturbed
apgd-ce - 15/18 - 169 out of 500 successfully perturbed
apgd-ce - 16/18 - 157 out of 500 successfully perturbed
apgd-ce - 17/18 - 144 out of 500 successfully perturbed
apgd-ce - 18/18 - 138 out of 450 successfully perturbed
robust accuracy after APGD-CE: 61.45% (total time 787.7 s)
apgd-t - 1/13 - 23 out of 500 successfully perturbed
apgd-t - 2/13 - 20 out of 500 successfully perturbed
apgd-t - 3/13 - 10 out of 500 successfully perturbed
apgd-t - 4/13 - 9 out of 500 successfully perturbed
apgd-t - 5/13 - 24 out of 500 successfully perturbed
apgd-t - 6/13 - 14 out of 500 successfully perturbed
apgd-t - 7/13 - 19 out of 500 successfully perturbed
apgd-t - 8/13 - 17 out of 500 successfully perturbed
apgd-t - 9/13 - 16 out of 500 successfully perturbed
apgd-t - 10/13 - 15 out of 500 successfully perturbed
apgd-t - 11/13 - 14 out of 500 successfully perturbed
apgd-t - 12/13 - 18 out of 500 successfully perturbed
apgd-t - 13/13 - 6 out of 145 successfully perturbed
robust accuracy after APGD-T: 59.40% (total time 5590.0 s)
fab-t - 1/12 - 0 out of 500 successfully perturbed
fab-t - 2/12 - 0 out of 500 successfully perturbed
fab-t - 3/12 - 0 out of 500 successfully perturbed
fab-t - 4/12 - 0 out of 500 successfully perturbed
fab-t - 5/12 - 0 out of 500 successfully perturbed
fab-t - 6/12 - 0 out of 500 successfully perturbed
fab-t - 7/12 - 0 out of 500 successfully perturbed
fab-t - 8/12 - 0 out of 500 successfully perturbed
fab-t - 9/12 - 0 out of 500 successfully perturbed
fab-t - 10/12 - 0 out of 500 successfully perturbed
fab-t - 11/12 - 0 out of 500 successfully perturbed
fab-t - 12/12 - 0 out of 440 successfully perturbed
robust accuracy after FAB-T: 59.40% (total time 12297.6 s)
square - 1/12 - 0 out of 500 successfully perturbed
square - 2/12 - 0 out of 500 successfully perturbed
square - 3/12 - 0 out of 500 successfully perturbed
square - 4/12 - 0 out of 500 successfully perturbed
square - 5/12 - 0 out of 500 successfully perturbed
square - 6/12 - 0 out of 500 successfully perturbed
square - 7/12 - 0 out of 500 successfully perturbed
square - 8/12 - 0 out of 500 successfully perturbed
square - 9/12 - 0 out of 500 successfully perturbed
square - 10/12 - 0 out of 500 successfully perturbed
square - 11/12 - 0 out of 500 successfully perturbed
square - 12/12 - 0 out of 440 successfully perturbed
robust accuracy after SQUARE: 59.40% (total time 21852.8 s)
max Linf perturbation: 0.03137, nan in tensor: 0, max: 1.00000, min: 0.00000
robust accuracy: 59.40%
