initial accuracy: 89.68%
apgd-ce - 1/18 - 165 out of 500 successfully perturbed
apgd-ce - 2/18 - 152 out of 500 successfully perturbed
apgd-ce - 3/18 - 164 out of 500 successfully perturbed
apgd-ce - 4/18 - 151 out of 500 successfully perturbed
apgd-ce - 5/18 - 152 out of 500 successfully perturbed
apgd-ce - 6/18 - 142 out of 500 successfully perturbed
apgd-ce - 7/18 - 158 out of 500 successfully perturbed
apgd-ce - 8/18 - 151 out of 500 successfully perturbed
apgd-ce - 9/18 - 152 out of 500 successfully perturbed
apgd-ce - 10/18 - 146 out of 500 successfully perturbed
apgd-ce - 11/18 - 156 out of 500 successfully perturbed
apgd-ce - 12/18 - 171 out of 500 successfully perturbed
apgd-ce - 13/18 - 161 out of 500 successfully perturbed
apgd-ce - 14/18 - 169 out of 500 successfully perturbed
apgd-ce - 15/18 - 162 out of 500 successfully perturbed
apgd-ce - 16/18 - 156 out of 500 successfully perturbed
apgd-ce - 17/18 - 156 out of 500 successfully perturbed
apgd-ce - 18/18 - 139 out of 468 successfully perturbed
robust accuracy after APGD-CE: 61.65% (total time 1146.5 s)
apgd-t - 1/13 - 14 out of 500 successfully perturbed
apgd-t - 2/13 - 23 out of 500 successfully perturbed
apgd-t - 3/13 - 14 out of 500 successfully perturbed
apgd-t - 4/13 - 17 out of 500 successfully perturbed
apgd-t - 5/13 - 19 out of 500 successfully perturbed
apgd-t - 6/13 - 19 out of 500 successfully perturbed
apgd-t - 7/13 - 23 out of 500 successfully perturbed
apgd-t - 8/13 - 19 out of 500 successfully perturbed
apgd-t - 9/13 - 12 out of 500 successfully perturbed
apgd-t - 10/13 - 19 out of 500 successfully perturbed
apgd-t - 11/13 - 25 out of 500 successfully perturbed
apgd-t - 12/13 - 11 out of 500 successfully perturbed
apgd-t - 13/13 - 4 out of 165 successfully perturbed
robust accuracy after APGD-T: 59.46% (total time 7969.4 s)
fab-t - 1/12 - 0 out of 500 successfully perturbed
fab-t - 2/12 - 0 out of 500 successfully perturbed
fab-t - 3/12 - 0 out of 500 successfully perturbed
fab-t - 4/12 - 0 out of 500 successfully perturbed
fab-t - 5/12 - 0 out of 500 successfully perturbed
fab-t - 6/12 - 0 out of 500 successfully perturbed
fab-t - 7/12 - 0 out of 500 successfully perturbed
fab-t - 8/12 - 0 out of 500 successfully perturbed
fab-t - 9/12 - 0 out of 500 successfully perturbed
fab-t - 10/12 - 0 out of 500 successfully perturbed
fab-t - 11/12 - 0 out of 500 successfully perturbed
fab-t - 12/12 - 0 out of 446 successfully perturbed
robust accuracy after FAB-T: 59.46% (total time 18773.1 s)
square - 1/12 - 0 out of 500 successfully perturbed
square - 2/12 - 0 out of 500 successfully perturbed
square - 3/12 - 0 out of 500 successfully perturbed
square - 4/12 - 0 out of 500 successfully perturbed
square - 5/12 - 0 out of 500 successfully perturbed
square - 6/12 - 0 out of 500 successfully perturbed
square - 7/12 - 0 out of 500 successfully perturbed
square - 8/12 - 0 out of 500 successfully perturbed
square - 9/12 - 0 out of 500 successfully perturbed
square - 10/12 - 0 out of 500 successfully perturbed
square - 11/12 - 0 out of 500 successfully perturbed
square - 12/12 - 0 out of 446 successfully perturbed
robust accuracy after SQUARE: 59.46% (total time 36913.6 s)
max Linf perturbation: 0.03137, nan in tensor: 0, max: 1.00000, min: 0.00000
robust accuracy: 59.46%