initial accuracy: 89.46%
apgd-ce - 1/18 - 160 out of 500 successfully perturbed
apgd-ce - 2/18 - 139 out of 500 successfully perturbed
apgd-ce - 3/18 - 160 out of 500 successfully perturbed
apgd-ce - 4/18 - 145 out of 500 successfully perturbed
apgd-ce - 5/18 - 153 out of 500 successfully perturbed
apgd-ce - 6/18 - 144 out of 500 successfully perturbed
apgd-ce - 7/18 - 151 out of 500 successfully perturbed
apgd-ce - 8/18 - 134 out of 500 successfully perturbed
apgd-ce - 9/18 - 150 out of 500 successfully perturbed
apgd-ce - 10/18 - 159 out of 500 successfully perturbed
apgd-ce - 11/18 - 160 out of 500 successfully perturbed
apgd-ce - 12/18 - 152 out of 500 successfully perturbed
apgd-ce - 13/18 - 163 out of 500 successfully perturbed
apgd-ce - 14/18 - 161 out of 500 successfully perturbed
apgd-ce - 15/18 - 164 out of 500 successfully perturbed
apgd-ce - 16/18 - 156 out of 500 successfully perturbed
apgd-ce - 17/18 - 155 out of 500 successfully perturbed
apgd-ce - 18/18 - 128 out of 446 successfully perturbed
robust accuracy after APGD-CE: 62.12% (total time 942.0 s)
apgd-t - 1/13 - 18 out of 500 successfully perturbed
apgd-t - 2/13 - 23 out of 500 successfully perturbed
apgd-t - 3/13 - 15 out of 500 successfully perturbed
apgd-t - 4/13 - 18 out of 500 successfully perturbed
apgd-t - 5/13 - 22 out of 500 successfully perturbed
apgd-t - 6/13 - 18 out of 500 successfully perturbed
apgd-t - 7/13 - 23 out of 500 successfully perturbed
apgd-t - 8/13 - 21 out of 500 successfully perturbed
apgd-t - 9/13 - 16 out of 500 successfully perturbed
apgd-t - 10/13 - 23 out of 500 successfully perturbed
apgd-t - 11/13 - 22 out of 500 successfully perturbed
apgd-t - 12/13 - 18 out of 500 successfully perturbed
apgd-t - 13/13 - 9 out of 212 successfully perturbed
robust accuracy after APGD-T: 59.66% (total time 5103.7 s)
fab-t - 1/12 - 0 out of 500 successfully perturbed
fab-t - 2/12 - 0 out of 500 successfully perturbed
fab-t - 3/12 - 0 out of 500 successfully perturbed
fab-t - 4/12 - 0 out of 500 successfully perturbed
fab-t - 5/12 - 0 out of 500 successfully perturbed
fab-t - 6/12 - 0 out of 500 successfully perturbed
fab-t - 7/12 - 0 out of 500 successfully perturbed
fab-t - 8/12 - 0 out of 500 successfully perturbed
fab-t - 9/12 - 0 out of 500 successfully perturbed
fab-t - 10/12 - 0 out of 500 successfully perturbed
fab-t - 11/12 - 0 out of 500 successfully perturbed
fab-t - 12/12 - 0 out of 466 successfully perturbed
robust accuracy after FAB-T: 59.66% (total time 13610.5 s)
square - 1/12 - 0 out of 500 successfully perturbed
square - 2/12 - 0 out of 500 successfully perturbed
square - 3/12 - 0 out of 500 successfully perturbed
square - 4/12 - 0 out of 500 successfully perturbed
square - 5/12 - 0 out of 500 successfully perturbed
square - 6/12 - 0 out of 500 successfully perturbed
square - 7/12 - 0 out of 500 successfully perturbed
square - 8/12 - 0 out of 500 successfully perturbed
square - 9/12 - 0 out of 500 successfully perturbed
square - 10/12 - 0 out of 500 successfully perturbed
square - 11/12 - 0 out of 500 successfully perturbed
square - 12/12 - 0 out of 466 successfully perturbed
robust accuracy after SQUARE: 59.66% (total time 26269.9 s)
max Linf perturbation: 0.03137, nan in tensor: 0, max: 1.00000, min: 0.00000
robust accuracy: 59.66%